{"level":"info","message":"🚀 Server is running on port 3000","service":"Task-Pledge WEB APP","timestamp":"2025-07-14T05:51:29.066Z"}
{"level":"info","message":"🚀 Server is running on port 3000","service":"Task-Pledge WEB APP","timestamp":"2025-07-14T05:55:10.888Z"}
{"level":"info","message":"🚀 Server is running on port 3000","service":"Task-Pledge WEB APP","timestamp":"2025-07-14T05:55:14.344Z"}
{"level":"info","message":"🚀 Server running on port 3000","service":"Task-Pledge WEB APP","timestamp":"2025-07-14T09:05:14.492Z"}
{"level":"info","message":"🚀 Server running on port 3000","service":"Task-Pledge WEB APP","timestamp":"2025-07-14T09:07:29.561Z"}
{"level":"info","message":"🚀 Server running on port 3000","service":"Task-Pledge WEB APP","timestamp":"2025-07-14T09:08:32.705Z"}
{"level":"info","message":"🚀 Server running on port 3000","service":"Task-Pledge WEB APP","timestamp":"2025-07-14T09:09:00.459Z"}
{"level":"info","message":"🚀 Server running on port 3000","service":"Task-Pledge WEB APP","timestamp":"2025-07-14T09:09:36.171Z"}
{"level":"info","message":"✅ Connected to DB: name=TaskPledge and port=27017 successfully","service":"Task-Pledge WEB APP","timestamp":"2025-07-14T09:09:38.803Z"}
{"level":"info","message":"🚀 Server running on port 3000","service":"Task-Pledge WEB APP","timestamp":"2025-07-14T09:14:15.958Z"}
{"level":"info","message":"✅ Connected to DB: name=TaskPledge and port=27017 successfully","service":"Task-Pledge WEB APP","timestamp":"2025-07-14T09:14:17.531Z"}
{"level":"info","message":"🚀 Server running on port 3000","service":"Task-Pledge WEB APP","timestamp":"2025-07-14T12:15:08.266Z"}
{"level":"info","message":"✅ Connected to DB: name=TaskPledge and port=27017 successfully","service":"Task-Pledge WEB APP","timestamp":"2025-07-14T12:15:10.809Z"}
{"level":"info","message":"🚀 Server running on port 3000","service":"Task-Pledge WEB APP","timestamp":"2025-07-14T12:15:49.100Z"}
{"level":"info","message":"✅ Connected to DB: name=TaskPledge and port=27017 successfully","service":"Task-Pledge WEB APP","timestamp":"2025-07-14T12:15:51.150Z"}
{"level":"info","message":"🚀 Server running on port 3000","service":"Task-Pledge WEB APP","timestamp":"2025-07-14T12:46:06.882Z"}
{"level":"info","message":"🚀 Server running on port 3000","service":"Task-Pledge WEB APP","timestamp":"2025-07-14T12:46:09.915Z"}
{"level":"info","message":"✅ Connected to DB: name=TaskPledge and port=27017 successfully","service":"Task-Pledge WEB APP","timestamp":"2025-07-14T12:46:11.764Z"}
{"level":"info","message":"🚀 Server running on port 3000","service":"Task-Pledge WEB APP","timestamp":"2025-07-14T12:46:48.251Z"}
{"level":"info","message":"✅ Connected to DB: name=TaskPledge and port=27017 successfully","service":"Task-Pledge WEB APP","timestamp":"2025-07-14T12:46:49.268Z"}
{"level":"info","message":"🚀 Server running on port 3000","service":"Task-Pledge WEB APP","timestamp":"2025-07-14T12:46:50.112Z"}
{"level":"info","message":"✅ Connected to DB: name=TaskPledge and port=27017 successfully","service":"Task-Pledge WEB APP","timestamp":"2025-07-14T12:46:51.223Z"}
{"level":"info","message":"🚀 Server running on port 3000","service":"Task-Pledge WEB APP","timestamp":"2025-07-14T13:37:15.962Z"}
{"level":"info","message":"✅ Connected to DB: name=TaskPledge and port=27017 successfully","service":"Task-Pledge WEB APP","timestamp":"2025-07-14T13:37:26.063Z"}
{"level":"info","message":"🚀 Server running on port 3000","service":"Task-Pledge WEB APP","timestamp":"2025-07-14T13:44:11.623Z"}
{"level":"info","message":"✅ Connected to DB: name=TaskPledge and port=27017 successfully","service":"Task-Pledge WEB APP","timestamp":"2025-07-14T13:44:12.793Z"}
{"level":"info","message":"🚀 Server running on port 3000","service":"Task-Pledge WEB APP","timestamp":"2025-07-14T14:21:00.978Z"}
{"level":"info","message":"✅ Connected to DB: name=TaskPledge and port=27017 successfully","service":"Task-Pledge WEB APP","timestamp":"2025-07-14T14:21:02.310Z"}
{"level":"info","message":"🚀 Server running on port 3000","service":"Task-Pledge WEB APP","timestamp":"2025-07-14T14:21:12.323Z"}
{"level":"info","message":"✅ Connected to DB: name=TaskPledge and port=27017 successfully","service":"Task-Pledge WEB APP","timestamp":"2025-07-14T14:21:13.040Z"}
{"level":"info","message":"🚀 Server running on port 3000","service":"Task-Pledge WEB APP","timestamp":"2025-07-14T14:21:26.981Z"}
{"level":"info","message":"✅ Connected to DB: name=TaskPledge and port=27017 successfully","service":"Task-Pledge WEB APP","timestamp":"2025-07-14T14:21:28.066Z"}
{"level":"info","message":"🚀 Server running on port 3000","service":"Task-Pledge WEB APP","timestamp":"2025-07-14T14:21:28.913Z"}
{"level":"info","message":"🚀 Server running on port 3000","service":"Task-Pledge WEB APP","timestamp":"2025-07-14T14:21:29.901Z"}
{"level":"info","message":"✅ Connected to DB: name=TaskPledge and port=27017 successfully","service":"Task-Pledge WEB APP","timestamp":"2025-07-14T14:21:30.647Z"}
{"level":"info","message":"🚀 Server running on port 3000","service":"Task-Pledge WEB APP","timestamp":"2025-07-14T14:39:04.414Z"}
{"level":"info","message":"✅ Connected to DB: name=TaskPledge and port=27017 successfully","service":"Task-Pledge WEB APP","timestamp":"2025-07-14T14:39:09.767Z"}
{"level":"info","message":"🚀 Server running on port 3000","service":"Task-Pledge WEB APP","timestamp":"2025-07-14T14:41:41.702Z"}
{"level":"info","message":"🚀 Server running on port 3000","service":"Task-Pledge WEB APP","timestamp":"2025-07-14T14:41:42.766Z"}
{"level":"info","message":"✅ Connected to DB: name=TaskPledge and port=27017 successfully","service":"Task-Pledge WEB APP","timestamp":"2025-07-14T14:41:48.006Z"}
{"level":"info","message":"🚀 Server running on port 3000","service":"Task-Pledge WEB APP","timestamp":"2025-07-14T14:46:39.868Z"}
{"level":"info","message":"✅ Connected to DB: name=TaskPledge and port=27017 successfully","service":"Task-Pledge WEB APP","timestamp":"2025-07-14T14:46:43.093Z"}
{"level":"info","message":"🚀 Server running on port 3000","service":"Task-Pledge WEB APP","timestamp":"2025-07-14T14:57:12.025Z"}
{"level":"info","message":"🚀 Server running on port 3000","service":"Task-Pledge WEB APP","timestamp":"2025-07-14T14:57:12.570Z"}
{"level":"info","message":"✅ Connected to DB: name=TaskPledge and port=27017 successfully","service":"Task-Pledge WEB APP","timestamp":"2025-07-14T14:57:15.255Z"}
{"level":"info","message":"🚀 Server running on port 3000","service":"Task-Pledge WEB APP","timestamp":"2025-07-14T14:57:34.960Z"}
{"level":"info","message":"❌ Database connection failed...","service":"Task-Pledge WEB APP","timestamp":"2025-07-14T14:58:05.030Z"}
{"cause":{"commonWireVersion":0,"compatible":true,"heartbeatFrequencyMS":10000,"localThresholdMS":15,"logicalSessionTimeoutMinutes":30,"maxElectionId":null,"maxSetVersion":null,"servers":{"ac-azpgbzq-shard-00-00.7m8vmwt.mongodb.net:27017":{"$clusterTime":{"clusterTime":{"$timestamp":{"i":2,"t":1752505079}},"signature":{"hash":{"$binary":{"base64":"t5jywGt11+q38evZ1Hffh3wG7+E=","subType":"00"}},"keyId":7470215091556712000}},"address":"ac-azpgbzq-shard-00-00.7m8vmwt.mongodb.net:27017","arbiters":[],"electionId":null,"error":null,"hosts":["ac-azpgbzq-shard-00-00.7m8vmwt.mongodb.net:27017","ac-azpgbzq-shard-00-01.7m8vmwt.mongodb.net:27017","ac-azpgbzq-shard-00-02.7m8vmwt.mongodb.net:27017"],"iscryptd":false,"lastUpdateTime":6108532,"lastWriteDate":{"$date":"2025-07-14T14:57:59Z"},"logicalSessionTimeoutMinutes":30,"maxBsonObjectSize":16777216,"maxMessageSizeBytes":48000000,"maxWireVersion":25,"maxWriteBatchSize":100000,"me":"ac-azpgbzq-shard-00-00.7m8vmwt.mongodb.net:27017","minRoundTripTime":325,"minWireVersion":0,"passives":[],"primary":"ac-azpgbzq-shard-00-01.7m8vmwt.mongodb.net:27017","roundTripTime":777,"setName":"atlas-9ledua-shard-0","setVersion":300,"tags":{"availabilityZone":"aps1-az1","diskState":"READY","nodeType":"ELECTABLE","provider":"AWS","region":"AP_SOUTH_1","workloadType":"OPERATIONAL"},"topologyVersion":{"counter":4,"processId":{"$oid":"687135a66cac3c0cbdae00a5"}},"type":"RSSecondary"},"ac-azpgbzq-shard-00-01.7m8vmwt.mongodb.net:27017":{"$clusterTime":null,"address":"ac-azpgbzq-shard-00-01.7m8vmwt.mongodb.net:27017","arbiters":[],"electionId":null,"error":null,"hosts":[],"iscryptd":false,"lastUpdateTime":6083915,"lastWriteDate":0,"logicalSessionTimeoutMinutes":null,"maxBsonObjectSize":null,"maxMessageSizeBytes":null,"maxWireVersion":0,"maxWriteBatchSize":null,"me":null,"minRoundTripTime":0,"minWireVersion":0,"passives":[],"primary":null,"roundTripTime":-1,"setName":null,"setVersion":null,"tags":{},"topologyVersion":null,"type":"Unknown"},"ac-azpgbzq-shard-00-02.7m8vmwt.mongodb.net:27017":{"$clusterTime":{"clusterTime":{"$timestamp":{"i":13,"t":1752505078}},"signature":{"hash":{"$binary":{"base64":"XQW51e6mgpQP9H8H2/E5Cu3F0L0=","subType":"00"}},"keyId":7470215091556712000}},"address":"ac-azpgbzq-shard-00-02.7m8vmwt.mongodb.net:27017","arbiters":[],"electionId":null,"error":null,"hosts":["ac-azpgbzq-shard-00-00.7m8vmwt.mongodb.net:27017","ac-azpgbzq-shard-00-01.7m8vmwt.mongodb.net:27017","ac-azpgbzq-shard-00-02.7m8vmwt.mongodb.net:27017"],"iscryptd":false,"lastUpdateTime":6107815,"lastWriteDate":{"$date":"2025-07-14T14:57:58Z"},"logicalSessionTimeoutMinutes":30,"maxBsonObjectSize":16777216,"maxMessageSizeBytes":48000000,"maxWireVersion":25,"maxWriteBatchSize":100000,"me":"ac-azpgbzq-shard-00-02.7m8vmwt.mongodb.net:27017","minRoundTripTime":847,"minWireVersion":0,"passives":[],"primary":"ac-azpgbzq-shard-00-01.7m8vmwt.mongodb.net:27017","roundTripTime":847,"setName":"atlas-9ledua-shard-0","setVersion":300,"tags":{"availabilityZone":"aps1-az2","diskState":"READY","nodeType":"ELECTABLE","provider":"AWS","region":"AP_SOUTH_1","workloadType":"OPERATIONAL"},"topologyVersion":{"counter":3,"processId":{"$oid":"6871362f1266a10fdb8dc330"}},"type":"RSSecondary"}},"setName":"atlas-9ledua-shard-0","stale":false,"type":"ReplicaSetNoPrimary"},"errorLabelSet":{},"level":"error","message":"Server selection timed out after 30000 ms","reason":{"commonWireVersion":0,"compatible":true,"heartbeatFrequencyMS":10000,"localThresholdMS":15,"logicalSessionTimeoutMinutes":30,"maxElectionId":null,"maxSetVersion":null,"servers":{"ac-azpgbzq-shard-00-00.7m8vmwt.mongodb.net:27017":{"$clusterTime":{"clusterTime":{"$timestamp":{"i":2,"t":1752505079}},"signature":{"hash":{"$binary":{"base64":"t5jywGt11+q38evZ1Hffh3wG7+E=","subType":"00"}},"keyId":7470215091556712000}},"address":"ac-azpgbzq-shard-00-00.7m8vmwt.mongodb.net:27017","arbiters":[],"electionId":null,"error":null,"hosts":["ac-azpgbzq-shard-00-00.7m8vmwt.mongodb.net:27017","ac-azpgbzq-shard-00-01.7m8vmwt.mongodb.net:27017","ac-azpgbzq-shard-00-02.7m8vmwt.mongodb.net:27017"],"iscryptd":false,"lastUpdateTime":6108532,"lastWriteDate":{"$date":"2025-07-14T14:57:59Z"},"logicalSessionTimeoutMinutes":30,"maxBsonObjectSize":16777216,"maxMessageSizeBytes":48000000,"maxWireVersion":25,"maxWriteBatchSize":100000,"me":"ac-azpgbzq-shard-00-00.7m8vmwt.mongodb.net:27017","minRoundTripTime":325,"minWireVersion":0,"passives":[],"primary":"ac-azpgbzq-shard-00-01.7m8vmwt.mongodb.net:27017","roundTripTime":777,"setName":"atlas-9ledua-shard-0","setVersion":300,"tags":{"availabilityZone":"aps1-az1","diskState":"READY","nodeType":"ELECTABLE","provider":"AWS","region":"AP_SOUTH_1","workloadType":"OPERATIONAL"},"topologyVersion":{"counter":4,"processId":{"$oid":"687135a66cac3c0cbdae00a5"}},"type":"RSSecondary"},"ac-azpgbzq-shard-00-01.7m8vmwt.mongodb.net:27017":{"$clusterTime":null,"address":"ac-azpgbzq-shard-00-01.7m8vmwt.mongodb.net:27017","arbiters":[],"electionId":null,"error":null,"hosts":[],"iscryptd":false,"lastUpdateTime":6083915,"lastWriteDate":0,"logicalSessionTimeoutMinutes":null,"maxBsonObjectSize":null,"maxMessageSizeBytes":null,"maxWireVersion":0,"maxWriteBatchSize":null,"me":null,"minRoundTripTime":0,"minWireVersion":0,"passives":[],"primary":null,"roundTripTime":-1,"setName":null,"setVersion":null,"tags":{},"topologyVersion":null,"type":"Unknown"},"ac-azpgbzq-shard-00-02.7m8vmwt.mongodb.net:27017":{"$clusterTime":{"clusterTime":{"$timestamp":{"i":13,"t":1752505078}},"signature":{"hash":{"$binary":{"base64":"XQW51e6mgpQP9H8H2/E5Cu3F0L0=","subType":"00"}},"keyId":7470215091556712000}},"address":"ac-azpgbzq-shard-00-02.7m8vmwt.mongodb.net:27017","arbiters":[],"electionId":null,"error":null,"hosts":["ac-azpgbzq-shard-00-00.7m8vmwt.mongodb.net:27017","ac-azpgbzq-shard-00-01.7m8vmwt.mongodb.net:27017","ac-azpgbzq-shard-00-02.7m8vmwt.mongodb.net:27017"],"iscryptd":false,"lastUpdateTime":6107815,"lastWriteDate":{"$date":"2025-07-14T14:57:58Z"},"logicalSessionTimeoutMinutes":30,"maxBsonObjectSize":16777216,"maxMessageSizeBytes":48000000,"maxWireVersion":25,"maxWriteBatchSize":100000,"me":"ac-azpgbzq-shard-00-02.7m8vmwt.mongodb.net:27017","minRoundTripTime":847,"minWireVersion":0,"passives":[],"primary":"ac-azpgbzq-shard-00-01.7m8vmwt.mongodb.net:27017","roundTripTime":847,"setName":"atlas-9ledua-shard-0","setVersion":300,"tags":{"availabilityZone":"aps1-az2","diskState":"READY","nodeType":"ELECTABLE","provider":"AWS","region":"AP_SOUTH_1","workloadType":"OPERATIONAL"},"topologyVersion":{"counter":3,"processId":{"$oid":"6871362f1266a10fdb8dc330"}},"type":"RSSecondary"}},"setName":"atlas-9ledua-shard-0","stale":false,"type":"ReplicaSetNoPrimary"},"service":"Task-Pledge WEB APP","stack":"MongooseServerSelectionError: Server selection timed out after 30000 ms\n    at _handleConnectionErrors (/home/gopal/Desktop/workspace/Task-pledge-Backend/node_modules/mongoose/lib/connection.js:1165:11)\n    at NativeConnection.openUri (/home/gopal/Desktop/workspace/Task-pledge-Backend/node_modules/mongoose/lib/connection.js:1096:11)\n    at async dbConnection (file:///home/gopal/Desktop/workspace/Task-pledge-Backend/src/config/dbconfig.js:8:20)\n    at async Server.<anonymous> (file:///home/gopal/Desktop/workspace/Task-pledge-Backend/src/server.js:12:3)","timestamp":"2025-07-14T14:58:05.033Z"}
{"level":"info","message":"🚀 Server running on port 3000","service":"Task-Pledge WEB APP","timestamp":"2025-07-14T14:59:19.240Z"}
{"level":"info","message":"✅ Connected to DB: name=TaskPledge and port=27017 successfully","service":"Task-Pledge WEB APP","timestamp":"2025-07-14T14:59:24.573Z"}
{"level":"info","message":"🚀 Server running on port 3000","service":"Task-Pledge WEB APP","timestamp":"2025-07-14T15:10:31.197Z"}
{"level":"info","message":"✅ Connected to DB: name=TaskPledge and port=27017 successfully","service":"Task-Pledge WEB APP","timestamp":"2025-07-14T15:10:34.535Z"}
{"level":"info","message":"🚀 Server running on port 3000","service":"Task-Pledge WEB APP","timestamp":"2025-07-14T16:20:08.134Z"}
{"level":"info","message":"✅ Connected to DB: name=TaskPledge and port=27017 successfully","service":"Task-Pledge WEB APP","timestamp":"2025-07-14T16:20:12.537Z"}
{"level":"info","message":"🚀 Server running on port 3000","service":"Task-Pledge WEB APP","timestamp":"2025-07-14T16:20:30.017Z"}
{"level":"info","message":"✅ Connected to DB: name=TaskPledge and port=27017 successfully","service":"Task-Pledge WEB APP","timestamp":"2025-07-14T16:20:33.602Z"}
{"level":"info","message":"🚀 Server running on port 3000","service":"Task-Pledge WEB APP","timestamp":"2025-07-14T16:27:52.918Z"}
{"level":"info","message":"❌ Database connection failed...","service":"Task-Pledge WEB APP","timestamp":"2025-07-14T16:28:30.754Z"}
{"beforeHandshake":false,"connectionGeneration":0,"errorLabelSet":{},"level":"error","message":"err Socket 'secureConnect' timed out after 30079ms (connectTimeoutMS: 30000)","service":"Task-Pledge WEB APP","stack":"MongoNetworkTimeoutError: Socket 'secureConnect' timed out after 30079ms (connectTimeoutMS: 30000)\n    at TLSSocket.<anonymous> (/home/gopal/Desktop/workspace/Task-pledge-Backend/node_modules/mongodb/lib/cmap/connect.js:288:20)\n    at Object.onceWrapper (node:events:632:28)\n    at TLSSocket.emit (node:events:518:28)\n    at Socket._onTimeout (node:net:609:8)\n    at listOnTimeout (node:internal/timers:588:17)\n    at process.processTimers (node:internal/timers:523:7)","timestamp":"2025-07-14T16:28:30.756Z"}
{"level":"info","message":"🚀 Server running on port 3000","service":"Task-Pledge WEB APP","timestamp":"2025-07-14T16:31:56.830Z"}
{"level":"info","message":"✅ Connected to DB: name=TaskPledge and port=27017 successfully","service":"Task-Pledge WEB APP","timestamp":"2025-07-14T16:32:00.406Z"}
{"level":"info","message":"🚀 Server running on port 3000","service":"Task-Pledge WEB APP","timestamp":"2025-07-14T16:39:04.577Z"}
{"level":"info","message":"✅ Connected to DB: name=TaskPledge and port=27017 successfully","service":"Task-Pledge WEB APP","timestamp":"2025-07-14T16:39:06.384Z"}
{"level":"info","message":"🚀 Server running on port 3000","service":"Task-Pledge WEB APP","timestamp":"2025-07-14T16:39:46.328Z"}
{"level":"info","message":"✅ Connected to DB: name=TaskPledge and port=27017 successfully","service":"Task-Pledge WEB APP","timestamp":"2025-07-14T16:39:47.096Z"}
